{"/Users/carlos/REPOS/LIL/pair-programming-con-IA/src/App.jsx": {"path":"/Users/carlos/REPOS/LIL/pair-programming-con-IA/src/App.jsx","all":false,"statementMap":{"0":{"start":{"line":1,"column":0},"end":{"line":1,"column":54}},"1":{"start":{"line":2,"column":0},"end":{"line":2,"column":31}},"2":{"start":{"line":3,"column":0},"end":{"line":3,"column":39}},"3":{"start":{"line":4,"column":0},"end":{"line":4,"column":39}},"4":{"start":{"line":5,"column":0},"end":{"line":5,"column":18}},"5":{"start":{"line":6,"column":0},"end":{"line":6,"column":46}},"7":{"start":{"line":8,"column":0},"end":{"line":8,"column":16}},"8":{"start":{"line":9,"column":0},"end":{"line":9,"column":10}},"9":{"start":{"line":10,"column":0},"end":{"line":10,"column":37}},"11":{"start":{"line":12,"column":0},"end":{"line":12,"column":20}},"12":{"start":{"line":13,"column":0},"end":{"line":13,"column":37}},"13":{"start":{"line":14,"column":0},"end":{"line":14,"column":16}},"14":{"start":{"line":15,"column":0},"end":{"line":15,"column":47}},"15":{"start":{"line":16,"column":0},"end":{"line":16,"column":59}},"16":{"start":{"line":17,"column":0},"end":{"line":17,"column":59}},"17":{"start":{"line":18,"column":0},"end":{"line":18,"column":17}},"18":{"start":{"line":19,"column":0},"end":{"line":19,"column":13}},"19":{"start":{"line":20,"column":0},"end":{"line":20,"column":10}},"21":{"start":{"line":22,"column":0},"end":{"line":22,"column":1}},"23":{"start":{"line":24,"column":0},"end":{"line":24,"column":18}}},"s":{"0":1,"1":1,"2":1,"3":1,"4":1,"5":1,"7":1,"8":1,"9":1,"11":1,"12":1,"13":1,"14":1,"15":1,"16":1,"17":1,"18":1,"19":1,"21":1,"23":1},"branchMap":{"0":{"type":"branch","line":8,"loc":{"start":{"line":8,"column":0},"end":{"line":22,"column":1}},"locations":[{"start":{"line":8,"column":0},"end":{"line":22,"column":1}}]}},"b":{"0":[1]},"fnMap":{"0":{"name":"App","decl":{"start":{"line":8,"column":0},"end":{"line":22,"column":1}},"loc":{"start":{"line":8,"column":0},"end":{"line":22,"column":1}},"line":8}},"f":{"0":1}}
,"/Users/carlos/REPOS/LIL/pair-programming-con-IA/src/main.jsx": {"path":"/Users/carlos/REPOS/LIL/pair-programming-con-IA/src/main.jsx","all":true,"statementMap":{"0":{"start":{"line":1,"column":0},"end":{"line":1,"column":25}},"1":{"start":{"line":2,"column":0},"end":{"line":2,"column":39}},"2":{"start":{"line":3,"column":0},"end":{"line":3,"column":48}},"3":{"start":{"line":4,"column":0},"end":{"line":4,"column":45}},"4":{"start":{"line":5,"column":0},"end":{"line":5,"column":27}},"5":{"start":{"line":6,"column":0},"end":{"line":6,"column":20}},"7":{"start":{"line":8,"column":0},"end":{"line":8,"column":60}},"8":{"start":{"line":9,"column":0},"end":{"line":9,"column":20}},"9":{"start":{"line":10,"column":0},"end":{"line":10,"column":19}},"10":{"start":{"line":11,"column":0},"end":{"line":11,"column":13}},"11":{"start":{"line":12,"column":0},"end":{"line":12,"column":20}},"12":{"start":{"line":13,"column":0},"end":{"line":13,"column":22}},"13":{"start":{"line":14,"column":0},"end":{"line":14,"column":1}}},"s":{"0":0,"1":0,"2":0,"3":0,"4":0,"5":0,"7":0,"8":0,"9":0,"10":0,"11":0,"12":0,"13":0},"branchMap":{"0":{"type":"branch","line":1,"loc":{"start":{"line":1,"column":319},"end":{"line":14,"column":-257}},"locations":[{"start":{"line":1,"column":319},"end":{"line":14,"column":-257}}]}},"b":{"0":[0]},"fnMap":{"0":{"name":"(empty-report)","decl":{"start":{"line":1,"column":319},"end":{"line":14,"column":-257}},"loc":{"start":{"line":1,"column":319},"end":{"line":14,"column":-257}},"line":1}},"f":{"0":0}}
,"/Users/carlos/REPOS/LIL/pair-programming-con-IA/src/components/HeaderBar.jsx": {"path":"/Users/carlos/REPOS/LIL/pair-programming-con-IA/src/components/HeaderBar.jsx","all":false,"statementMap":{"0":{"start":{"line":1,"column":0},"end":{"line":1,"column":39}},"1":{"start":{"line":2,"column":0},"end":{"line":2,"column":22}},"2":{"start":{"line":3,"column":0},"end":{"line":3,"column":12}},"3":{"start":{"line":4,"column":0},"end":{"line":4,"column":73}},"4":{"start":{"line":5,"column":0},"end":{"line":5,"column":39}},"5":{"start":{"line":6,"column":0},"end":{"line":6,"column":88}},"6":{"start":{"line":7,"column":0},"end":{"line":7,"column":45}},"7":{"start":{"line":8,"column":0},"end":{"line":8,"column":76}},"8":{"start":{"line":9,"column":0},"end":{"line":9,"column":88}},"9":{"start":{"line":10,"column":0},"end":{"line":10,"column":88}},"10":{"start":{"line":11,"column":0},"end":{"line":11,"column":22}},"11":{"start":{"line":12,"column":0},"end":{"line":12,"column":18}},"12":{"start":{"line":13,"column":0},"end":{"line":13,"column":14}},"14":{"start":{"line":15,"column":0},"end":{"line":15,"column":1}},"16":{"start":{"line":17,"column":0},"end":{"line":17,"column":25}}},"s":{"0":1,"1":1,"2":1,"3":1,"4":1,"5":1,"6":1,"7":1,"8":1,"9":1,"10":1,"11":1,"12":1,"14":1,"16":1},"branchMap":{"0":{"type":"branch","line":2,"loc":{"start":{"line":2,"column":0},"end":{"line":15,"column":1}},"locations":[{"start":{"line":2,"column":0},"end":{"line":15,"column":1}}]}},"b":{"0":[1]},"fnMap":{"0":{"name":"HeaderBar","decl":{"start":{"line":2,"column":0},"end":{"line":15,"column":1}},"loc":{"start":{"line":2,"column":0},"end":{"line":15,"column":1}},"line":2}},"f":{"0":1}}
,"/Users/carlos/REPOS/LIL/pair-programming-con-IA/src/pages/Contacto.jsx": {"path":"/Users/carlos/REPOS/LIL/pair-programming-con-IA/src/pages/Contacto.jsx","all":false,"statementMap":{"0":{"start":{"line":1,"column":0},"end":{"line":1,"column":33}},"2":{"start":{"line":3,"column":0},"end":{"line":3,"column":24}},"3":{"start":{"line":4,"column":0},"end":{"line":4,"column":41}},"4":{"start":{"line":5,"column":0},"end":{"line":5,"column":79}},"5":{"start":{"line":6,"column":0},"end":{"line":6,"column":43}},"6":{"start":{"line":7,"column":0},"end":{"line":7,"column":47}},"7":{"start":{"line":8,"column":0},"end":{"line":8,"column":45}},"10":{"start":{"line":11,"column":0},"end":{"line":11,"column":32}},"11":{"start":{"line":12,"column":0},"end":{"line":12,"column":33}},"12":{"start":{"line":13,"column":0},"end":{"line":13,"column":46}},"13":{"start":{"line":14,"column":0},"end":{"line":14,"column":9}},"14":{"start":{"line":15,"column":0},"end":{"line":15,"column":18}},"15":{"start":{"line":16,"column":0},"end":{"line":16,"column":6}},"18":{"start":{"line":19,"column":0},"end":{"line":19,"column":36}},"19":{"start":{"line":20,"column":0},"end":{"line":20,"column":37}},"20":{"start":{"line":21,"column":0},"end":{"line":21,"column":48}},"21":{"start":{"line":22,"column":0},"end":{"line":22,"column":9}},"22":{"start":{"line":23,"column":0},"end":{"line":23,"column":18}},"23":{"start":{"line":24,"column":0},"end":{"line":24,"column":6}},"26":{"start":{"line":27,"column":0},"end":{"line":27,"column":33}},"27":{"start":{"line":28,"column":0},"end":{"line":28,"column":56}},"28":{"start":{"line":29,"column":0},"end":{"line":29,"column":34}},"29":{"start":{"line":30,"column":0},"end":{"line":30,"column":58}},"30":{"start":{"line":31,"column":0},"end":{"line":31,"column":45}},"31":{"start":{"line":32,"column":0},"end":{"line":32,"column":56}},"32":{"start":{"line":33,"column":0},"end":{"line":33,"column":9}},"33":{"start":{"line":34,"column":0},"end":{"line":34,"column":18}},"34":{"start":{"line":35,"column":0},"end":{"line":35,"column":6}},"37":{"start":{"line":38,"column":0},"end":{"line":38,"column":35}},"38":{"start":{"line":39,"column":0},"end":{"line":39,"column":40}},"39":{"start":{"line":40,"column":0},"end":{"line":40,"column":47}},"40":{"start":{"line":41,"column":0},"end":{"line":41,"column":9}},"41":{"start":{"line":42,"column":0},"end":{"line":42,"column":18}},"42":{"start":{"line":43,"column":0},"end":{"line":43,"column":6}},"45":{"start":{"line":46,"column":0},"end":{"line":46,"column":31}},"46":{"start":{"line":47,"column":0},"end":{"line":47,"column":20}},"47":{"start":{"line":48,"column":0},"end":{"line":48,"column":24}},"48":{"start":{"line":49,"column":0},"end":{"line":49,"column":21}},"49":{"start":{"line":50,"column":0},"end":{"line":50,"column":23}},"50":{"start":{"line":51,"column":0},"end":{"line":51,"column":22}},"51":{"start":{"line":52,"column":0},"end":{"line":52,"column":6}},"54":{"start":{"line":55,"column":0},"end":{"line":55,"column":33}},"55":{"start":{"line":56,"column":0},"end":{"line":56,"column":27}},"56":{"start":{"line":57,"column":0},"end":{"line":57,"column":41}},"57":{"start":{"line":58,"column":0},"end":{"line":58,"column":49}},"58":{"start":{"line":59,"column":0},"end":{"line":59,"column":43}},"59":{"start":{"line":60,"column":0},"end":{"line":60,"column":47}},"61":{"start":{"line":62,"column":0},"end":{"line":62,"column":71}},"62":{"start":{"line":63,"column":0},"end":{"line":63,"column":23}},"63":{"start":{"line":64,"column":0},"end":{"line":64,"column":32}},"64":{"start":{"line":65,"column":0},"end":{"line":65,"column":40}},"65":{"start":{"line":66,"column":0},"end":{"line":66,"column":34}},"66":{"start":{"line":67,"column":0},"end":{"line":67,"column":38}},"67":{"start":{"line":68,"column":0},"end":{"line":68,"column":15}},"68":{"start":{"line":69,"column":0},"end":{"line":69,"column":17}},"70":{"start":{"line":71,"column":0},"end":{"line":71,"column":82}},"71":{"start":{"line":72,"column":0},"end":{"line":72,"column":26}},"72":{"start":{"line":73,"column":0},"end":{"line":73,"column":9}},"73":{"start":{"line":74,"column":0},"end":{"line":74,"column":6}},"75":{"start":{"line":76,"column":0},"end":{"line":76,"column":12}},"76":{"start":{"line":77,"column":0},"end":{"line":77,"column":13}},"77":{"start":{"line":78,"column":0},"end":{"line":78,"column":51}},"79":{"start":{"line":80,"column":0},"end":{"line":80,"column":82}},"80":{"start":{"line":81,"column":0},"end":{"line":81,"column":38}},"81":{"start":{"line":82,"column":0},"end":{"line":82,"column":80}},"82":{"start":{"line":83,"column":0},"end":{"line":83,"column":26}},"83":{"start":{"line":84,"column":0},"end":{"line":84,"column":35}},"84":{"start":{"line":85,"column":0},"end":{"line":85,"column":33}},"85":{"start":{"line":86,"column":0},"end":{"line":86,"column":35}},"86":{"start":{"line":87,"column":0},"end":{"line":87,"column":48}},"87":{"start":{"line":88,"column":0},"end":{"line":88,"column":36}},"88":{"start":{"line":89,"column":0},"end":{"line":89,"column":65}},"89":{"start":{"line":90,"column":0},"end":{"line":90,"column":32}},"90":{"start":{"line":91,"column":0},"end":{"line":91,"column":22}},"91":{"start":{"line":92,"column":0},"end":{"line":92,"column":90}},"92":{"start":{"line":93,"column":0},"end":{"line":93,"column":22}},"94":{"start":{"line":95,"column":0},"end":{"line":95,"column":38}},"95":{"start":{"line":96,"column":0},"end":{"line":96,"column":86}},"96":{"start":{"line":97,"column":0},"end":{"line":97,"column":26}},"97":{"start":{"line":98,"column":0},"end":{"line":98,"column":35}},"98":{"start":{"line":99,"column":0},"end":{"line":99,"column":37}},"99":{"start":{"line":100,"column":0},"end":{"line":100,"column":39}},"100":{"start":{"line":101,"column":0},"end":{"line":101,"column":48}},"101":{"start":{"line":102,"column":0},"end":{"line":102,"column":40}},"102":{"start":{"line":103,"column":0},"end":{"line":103,"column":69}},"103":{"start":{"line":104,"column":0},"end":{"line":104,"column":32}},"104":{"start":{"line":105,"column":0},"end":{"line":105,"column":22}},"105":{"start":{"line":106,"column":0},"end":{"line":106,"column":98}},"106":{"start":{"line":107,"column":0},"end":{"line":107,"column":22}},"107":{"start":{"line":108,"column":0},"end":{"line":108,"column":38}},"108":{"start":{"line":109,"column":0},"end":{"line":109,"column":93}},"109":{"start":{"line":110,"column":0},"end":{"line":110,"column":26}},"110":{"start":{"line":111,"column":0},"end":{"line":111,"column":36}},"111":{"start":{"line":112,"column":0},"end":{"line":112,"column":34}},"112":{"start":{"line":113,"column":0},"end":{"line":113,"column":36}},"113":{"start":{"line":114,"column":0},"end":{"line":114,"column":48}},"114":{"start":{"line":115,"column":0},"end":{"line":115,"column":37}},"115":{"start":{"line":116,"column":0},"end":{"line":116,"column":66}},"116":{"start":{"line":117,"column":0},"end":{"line":117,"column":32}},"117":{"start":{"line":118,"column":0},"end":{"line":118,"column":22}},"118":{"start":{"line":119,"column":0},"end":{"line":119,"column":92}},"119":{"start":{"line":120,"column":0},"end":{"line":120,"column":22}},"120":{"start":{"line":121,"column":0},"end":{"line":121,"column":38}},"121":{"start":{"line":122,"column":0},"end":{"line":122,"column":84}},"122":{"start":{"line":123,"column":0},"end":{"line":123,"column":29}},"123":{"start":{"line":124,"column":0},"end":{"line":124,"column":36}},"124":{"start":{"line":125,"column":0},"end":{"line":125,"column":38}},"125":{"start":{"line":126,"column":0},"end":{"line":126,"column":48}},"126":{"start":{"line":127,"column":0},"end":{"line":127,"column":39}},"127":{"start":{"line":128,"column":0},"end":{"line":128,"column":68}},"128":{"start":{"line":129,"column":0},"end":{"line":129,"column":32}},"129":{"start":{"line":130,"column":0},"end":{"line":130,"column":32}},"130":{"start":{"line":131,"column":0},"end":{"line":131,"column":96}},"131":{"start":{"line":132,"column":0},"end":{"line":132,"column":22}},"132":{"start":{"line":133,"column":0},"end":{"line":133,"column":87}},"133":{"start":{"line":134,"column":0},"end":{"line":134,"column":23}},"134":{"start":{"line":135,"column":0},"end":{"line":135,"column":33}},"135":{"start":{"line":136,"column":0},"end":{"line":136,"column":51}},"136":{"start":{"line":137,"column":0},"end":{"line":137,"column":41}},"137":{"start":{"line":138,"column":0},"end":{"line":138,"column":17}},"139":{"start":{"line":140,"column":0},"end":{"line":140,"column":25}},"140":{"start":{"line":141,"column":0},"end":{"line":141,"column":19}},"141":{"start":{"line":142,"column":0},"end":{"line":142,"column":14}},"143":{"start":{"line":144,"column":0},"end":{"line":144,"column":2}},"145":{"start":{"line":146,"column":0},"end":{"line":146,"column":24}}},"s":{"0":1,"2":1,"3":65,"4":65,"5":65,"6":65,"7":65,"10":65,"11":13,"12":4,"13":4,"14":9,"15":13,"18":65,"19":13,"20":12,"21":12,"22":1,"23":13,"26":65,"27":13,"28":13,"29":2,"30":13,"31":1,"32":1,"33":10,"34":13,"37":65,"38":13,"39":8,"40":8,"41":5,"42":13,"45":65,"46":3,"47":3,"48":3,"49":3,"50":3,"51":3,"54":65,"55":13,"56":13,"57":13,"58":13,"59":13,"61":13,"62":12,"63":12,"64":12,"65":12,"66":12,"67":12,"68":13,"70":1,"71":1,"72":1,"73":13,"75":65,"76":65,"77":65,"79":65,"80":65,"81":65,"82":65,"83":65,"84":65,"85":65,"86":65,"87":65,"88":65,"89":65,"90":65,"91":65,"92":65,"94":65,"95":65,"96":65,"97":65,"98":65,"99":65,"100":65,"101":65,"102":65,"103":65,"104":65,"105":65,"106":65,"107":65,"108":65,"109":65,"110":65,"111":65,"112":65,"113":65,"114":65,"115":65,"116":65,"117":65,"118":65,"119":65,"120":65,"121":65,"122":65,"123":65,"124":65,"125":65,"126":65,"127":65,"128":65,"129":65,"130":65,"131":65,"132":65,"133":65,"134":65,"135":65,"136":65,"137":65,"139":65,"140":65,"141":65,"143":65,"145":1},"branchMap":{"0":{"type":"branch","line":3,"loc":{"start":{"line":3,"column":17},"end":{"line":144,"column":2}},"locations":[{"start":{"line":3,"column":17},"end":{"line":144,"column":2}}]},"1":{"type":"branch","line":92,"loc":{"start":{"line":92,"column":28},"end":{"line":92,"column":90}},"locations":[{"start":{"line":92,"column":28},"end":{"line":92,"column":90}}]},"2":{"type":"branch","line":106,"loc":{"start":{"line":106,"column":28},"end":{"line":106,"column":98}},"locations":[{"start":{"line":106,"column":28},"end":{"line":106,"column":98}}]},"3":{"type":"branch","line":119,"loc":{"start":{"line":119,"column":28},"end":{"line":119,"column":92}},"locations":[{"start":{"line":119,"column":28},"end":{"line":119,"column":92}}]},"4":{"type":"branch","line":131,"loc":{"start":{"line":131,"column":28},"end":{"line":131,"column":96}},"locations":[{"start":{"line":131,"column":28},"end":{"line":131,"column":96}}]},"5":{"type":"branch","line":11,"loc":{"start":{"line":11,"column":25},"end":{"line":16,"column":6}},"locations":[{"start":{"line":11,"column":25},"end":{"line":16,"column":6}}]},"6":{"type":"branch","line":12,"loc":{"start":{"line":12,"column":32},"end":{"line":14,"column":9}},"locations":[{"start":{"line":12,"column":32},"end":{"line":14,"column":9}}]},"7":{"type":"branch","line":14,"loc":{"start":{"line":14,"column":8},"end":{"line":15,"column":18}},"locations":[{"start":{"line":14,"column":8},"end":{"line":15,"column":18}}]},"8":{"type":"branch","line":19,"loc":{"start":{"line":19,"column":29},"end":{"line":24,"column":6}},"locations":[{"start":{"line":19,"column":29},"end":{"line":24,"column":6}}]},"9":{"type":"branch","line":20,"loc":{"start":{"line":20,"column":36},"end":{"line":22,"column":9}},"locations":[{"start":{"line":20,"column":36},"end":{"line":22,"column":9}}]},"10":{"type":"branch","line":22,"loc":{"start":{"line":22,"column":8},"end":{"line":23,"column":18}},"locations":[{"start":{"line":22,"column":8},"end":{"line":23,"column":18}}]},"11":{"type":"branch","line":27,"loc":{"start":{"line":27,"column":26},"end":{"line":35,"column":6}},"locations":[{"start":{"line":27,"column":26},"end":{"line":35,"column":6}}]},"12":{"type":"branch","line":29,"loc":{"start":{"line":29,"column":33},"end":{"line":31,"column":19}},"locations":[{"start":{"line":29,"column":33},"end":{"line":31,"column":19}}]},"13":{"type":"branch","line":31,"loc":{"start":{"line":31,"column":8},"end":{"line":33,"column":9}},"locations":[{"start":{"line":31,"column":8},"end":{"line":33,"column":9}}]},"14":{"type":"branch","line":31,"loc":{"start":{"line":31,"column":44},"end":{"line":33,"column":9}},"locations":[{"start":{"line":31,"column":44},"end":{"line":33,"column":9}}]},"15":{"type":"branch","line":33,"loc":{"start":{"line":33,"column":8},"end":{"line":34,"column":18}},"locations":[{"start":{"line":33,"column":8},"end":{"line":34,"column":18}}]},"16":{"type":"branch","line":38,"loc":{"start":{"line":38,"column":28},"end":{"line":43,"column":6}},"locations":[{"start":{"line":38,"column":28},"end":{"line":43,"column":6}}]},"17":{"type":"branch","line":39,"loc":{"start":{"line":39,"column":39},"end":{"line":41,"column":9}},"locations":[{"start":{"line":39,"column":39},"end":{"line":41,"column":9}}]},"18":{"type":"branch","line":41,"loc":{"start":{"line":41,"column":8},"end":{"line":42,"column":18}},"locations":[{"start":{"line":41,"column":8},"end":{"line":42,"column":18}}]},"19":{"type":"branch","line":46,"loc":{"start":{"line":46,"column":24},"end":{"line":52,"column":6}},"locations":[{"start":{"line":46,"column":24},"end":{"line":52,"column":6}}]},"20":{"type":"branch","line":55,"loc":{"start":{"line":55,"column":25},"end":{"line":74,"column":6}},"locations":[{"start":{"line":55,"column":25},"end":{"line":74,"column":6}}]},"21":{"type":"branch","line":62,"loc":{"start":{"line":62,"column":12},"end":{"line":62,"column":42}},"locations":[{"start":{"line":62,"column":12},"end":{"line":62,"column":42}}]},"22":{"type":"branch","line":62,"loc":{"start":{"line":62,"column":25},"end":{"line":62,"column":56}},"locations":[{"start":{"line":62,"column":25},"end":{"line":62,"column":56}}]},"23":{"type":"branch","line":62,"loc":{"start":{"line":62,"column":42},"end":{"line":62,"column":70}},"locations":[{"start":{"line":62,"column":42},"end":{"line":62,"column":70}}]},"24":{"type":"branch","line":62,"loc":{"start":{"line":62,"column":70},"end":{"line":69,"column":15}},"locations":[{"start":{"line":62,"column":70},"end":{"line":69,"column":15}}]},"25":{"type":"branch","line":69,"loc":{"start":{"line":69,"column":8},"end":{"line":73,"column":9}},"locations":[{"start":{"line":69,"column":8},"end":{"line":73,"column":9}}]},"26":{"type":"branch","line":89,"loc":{"start":{"line":89,"column":34},"end":{"line":89,"column":65}},"locations":[{"start":{"line":89,"column":34},"end":{"line":89,"column":65}}]},"27":{"type":"branch","line":103,"loc":{"start":{"line":103,"column":34},"end":{"line":103,"column":69}},"locations":[{"start":{"line":103,"column":34},"end":{"line":103,"column":69}}]},"28":{"type":"branch","line":116,"loc":{"start":{"line":116,"column":34},"end":{"line":116,"column":66}},"locations":[{"start":{"line":116,"column":34},"end":{"line":116,"column":66}}]},"29":{"type":"branch","line":128,"loc":{"start":{"line":128,"column":34},"end":{"line":128,"column":68}},"locations":[{"start":{"line":128,"column":34},"end":{"line":128,"column":68}}]}},"b":{"0":[65],"1":[6],"2":[15],"3":[5],"4":[10],"5":[13],"6":[4],"7":[9],"8":[13],"9":[12],"10":[1],"11":[13],"12":[2],"13":[11],"14":[1],"15":[10],"16":[13],"17":[8],"18":[5],"19":[3],"20":[13],"21":[9],"22":[1],"23":[1],"24":[12],"25":[1],"26":[11],"27":[2],"28":[12],"29":[8]},"fnMap":{"0":{"name":"Contacto","decl":{"start":{"line":3,"column":17},"end":{"line":144,"column":2}},"loc":{"start":{"line":3,"column":17},"end":{"line":144,"column":2}},"line":3},"1":{"name":"validateName","decl":{"start":{"line":11,"column":25},"end":{"line":16,"column":6}},"loc":{"start":{"line":11,"column":25},"end":{"line":16,"column":6}},"line":11},"2":{"name":"validateLastName","decl":{"start":{"line":19,"column":29},"end":{"line":24,"column":6}},"loc":{"start":{"line":19,"column":29},"end":{"line":24,"column":6}},"line":19},"3":{"name":"validateEmail","decl":{"start":{"line":27,"column":26},"end":{"line":35,"column":6}},"loc":{"start":{"line":27,"column":26},"end":{"line":35,"column":6}},"line":27},"4":{"name":"validateMessage","decl":{"start":{"line":38,"column":28},"end":{"line":43,"column":6}},"loc":{"start":{"line":38,"column":28},"end":{"line":43,"column":6}},"line":38},"5":{"name":"handleClear","decl":{"start":{"line":46,"column":24},"end":{"line":52,"column":6}},"loc":{"start":{"line":46,"column":24},"end":{"line":52,"column":6}},"line":46},"6":{"name":"handleSubmit","decl":{"start":{"line":55,"column":25},"end":{"line":74,"column":6}},"loc":{"start":{"line":55,"column":25},"end":{"line":74,"column":6}},"line":55},"7":{"name":"onChange","decl":{"start":{"line":89,"column":34},"end":{"line":89,"column":65}},"loc":{"start":{"line":89,"column":34},"end":{"line":89,"column":65}},"line":89},"8":{"name":"onChange","decl":{"start":{"line":103,"column":34},"end":{"line":103,"column":69}},"loc":{"start":{"line":103,"column":34},"end":{"line":103,"column":69}},"line":103},"9":{"name":"onChange","decl":{"start":{"line":116,"column":34},"end":{"line":116,"column":66}},"loc":{"start":{"line":116,"column":34},"end":{"line":116,"column":66}},"line":116},"10":{"name":"onChange","decl":{"start":{"line":128,"column":34},"end":{"line":128,"column":68}},"loc":{"start":{"line":128,"column":34},"end":{"line":128,"column":68}},"line":128}},"f":{"0":65,"1":13,"2":13,"3":13,"4":13,"5":3,"6":13,"7":11,"8":2,"9":12,"10":8}}
,"/Users/carlos/REPOS/LIL/pair-programming-con-IA/src/pages/Home.jsx": {"path":"/Users/carlos/REPOS/LIL/pair-programming-con-IA/src/pages/Home.jsx","all":false,"statementMap":{"0":{"start":{"line":1,"column":0},"end":{"line":1,"column":17}},"1":{"start":{"line":2,"column":0},"end":{"line":2,"column":10}},"2":{"start":{"line":3,"column":0},"end":{"line":3,"column":9}},"3":{"start":{"line":4,"column":0},"end":{"line":4,"column":61}},"4":{"start":{"line":5,"column":0},"end":{"line":5,"column":103}},"5":{"start":{"line":6,"column":0},"end":{"line":6,"column":32}},"6":{"start":{"line":7,"column":0},"end":{"line":7,"column":39}},"7":{"start":{"line":8,"column":0},"end":{"line":8,"column":38}},"8":{"start":{"line":9,"column":0},"end":{"line":9,"column":91}},"9":{"start":{"line":10,"column":0},"end":{"line":10,"column":39}},"10":{"start":{"line":11,"column":0},"end":{"line":11,"column":63}},"11":{"start":{"line":12,"column":0},"end":{"line":12,"column":94}},"12":{"start":{"line":13,"column":0},"end":{"line":13,"column":18}},"13":{"start":{"line":14,"column":0},"end":{"line":14,"column":16}},"14":{"start":{"line":15,"column":0},"end":{"line":15,"column":14}},"15":{"start":{"line":16,"column":0},"end":{"line":16,"column":39}},"16":{"start":{"line":17,"column":0},"end":{"line":17,"column":38}},"17":{"start":{"line":18,"column":0},"end":{"line":18,"column":112}},"18":{"start":{"line":19,"column":0},"end":{"line":19,"column":39}},"19":{"start":{"line":20,"column":0},"end":{"line":20,"column":69}},"20":{"start":{"line":21,"column":0},"end":{"line":21,"column":107}},"21":{"start":{"line":22,"column":0},"end":{"line":22,"column":18}},"22":{"start":{"line":23,"column":0},"end":{"line":23,"column":16}},"23":{"start":{"line":24,"column":0},"end":{"line":24,"column":14}},"24":{"start":{"line":25,"column":0},"end":{"line":25,"column":39}},"25":{"start":{"line":26,"column":0},"end":{"line":26,"column":38}},"26":{"start":{"line":27,"column":0},"end":{"line":27,"column":87}},"27":{"start":{"line":28,"column":0},"end":{"line":28,"column":39}},"28":{"start":{"line":29,"column":0},"end":{"line":29,"column":65}},"29":{"start":{"line":30,"column":0},"end":{"line":30,"column":114}},"30":{"start":{"line":31,"column":0},"end":{"line":31,"column":18}},"31":{"start":{"line":32,"column":0},"end":{"line":32,"column":16}},"32":{"start":{"line":33,"column":0},"end":{"line":33,"column":14}},"33":{"start":{"line":34,"column":0},"end":{"line":34,"column":12}},"34":{"start":{"line":35,"column":0},"end":{"line":35,"column":10}},"36":{"start":{"line":37,"column":0},"end":{"line":37,"column":1}},"38":{"start":{"line":39,"column":0},"end":{"line":39,"column":19}}},"s":{"0":3,"1":3,"2":3,"3":3,"4":3,"5":3,"6":3,"7":3,"8":3,"9":3,"10":3,"11":3,"12":3,"13":3,"14":3,"15":3,"16":3,"17":3,"18":3,"19":3,"20":3,"21":3,"22":3,"23":3,"24":3,"25":3,"26":3,"27":3,"28":3,"29":3,"30":3,"31":3,"32":3,"33":3,"34":3,"36":3,"38":1},"branchMap":{"0":{"type":"branch","line":1,"loc":{"start":{"line":1,"column":0},"end":{"line":37,"column":1}},"locations":[{"start":{"line":1,"column":0},"end":{"line":37,"column":1}}]}},"b":{"0":[3]},"fnMap":{"0":{"name":"Home","decl":{"start":{"line":1,"column":0},"end":{"line":37,"column":1}},"loc":{"start":{"line":1,"column":0},"end":{"line":37,"column":1}},"line":1}},"f":{"0":3}}
,"/Users/carlos/REPOS/LIL/pair-programming-con-IA/src/pages/Nosotros.jsx": {"path":"/Users/carlos/REPOS/LIL/pair-programming-con-IA/src/pages/Nosotros.jsx","all":false,"statementMap":{"0":{"start":{"line":1,"column":0},"end":{"line":1,"column":21}},"1":{"start":{"line":2,"column":0},"end":{"line":2,"column":10}},"2":{"start":{"line":3,"column":0},"end":{"line":3,"column":6}},"3":{"start":{"line":4,"column":0},"end":{"line":4,"column":7}},"5":{"start":{"line":6,"column":0},"end":{"line":6,"column":1}},"7":{"start":{"line":8,"column":0},"end":{"line":8,"column":23}}},"s":{"0":0,"1":0,"2":0,"3":0,"5":0,"7":1},"branchMap":{},"b":{},"fnMap":{"0":{"name":"Nosotros","decl":{"start":{"line":1,"column":0},"end":{"line":6,"column":1}},"loc":{"start":{"line":1,"column":0},"end":{"line":6,"column":1}},"line":1}},"f":{"0":0}}
}
